make all --print-data-base --no-builtin-variables --no-builtin-rules --question
# GNU Make 3.81
# Copyright (C) 2006  Free Software Foundation, Inc.
# This is free software; see the source for copying conditions.
# There is NO warranty; not even for MERCHANTABILITY or FITNESS FOR A
# PARTICULAR PURPOSE.

# This program built for i386-apple-darwin11.3.0
 

# Make data base, printed on Tue Jun 14 09:40:56 2022

# Variables

# makefile (from `Makefile', line 41)
vertclair = \033[1;32m
# automatic
<D = $(patsubst %/,%,$(dir $<))
# automatic
?F = $(notdir $?)
# environment
ELECTRON_NO_ATTACH_CONSOLE = 1
# makefile (from `Makefile', line 4)
OBJ = $(SRC:$(SRCDIR)/%.c=$(OBJDIR)/%.o)
# makefile (from `Makefile', line 3)
SRC := src/Best2cop.c src/BinHeap.c src/Dict.c src/Edge.c src/Extendable.c src/IntList.c src/LabelTable.c src/Latrix.c src/Llist.c src/Option.c src/ParetoFront.c src/Pfront.c src/ScopeStack.c src/SrGraph.c src/Topology.c src/Zipf.c src/my_printf.c
# environment
VSCODE_LOG_NATIVE = false
 
# environment
NVM_INC = /Users/quentinbramas/.nvm/versions/node/v15.11.0/include/node
# automatic
?D = $(patsubst %/,%,$(dir $?))
# automatic
@D = $(patsubst %/,%,$(dir $@))
# automatic
@F = $(notdir $@)
# makefile (from `Makefile', line 13)
PG = -g
# makefile
CURDIR := /Users/quentinbramas/Documents/Articles/jean-romain/best2cop/best2cop/B2COP-LCAB
# makefile
SHELL = /bin/sh
# environment
VSCODE_NLS_CONFIG = {"locale":"fr","availableLanguages":{"*":"fr"},"_languagePackId":"25fe6a3290ec415596628d4afc87a88c.fr","_translationsConfigFile":"/Users/quentinbramas/Library/Application Support/Code/clp/25fe6a3290ec415596628d4afc87a88c.fr/tcf.json","_cacheRoot":"/Users/quentinbramas/Library/Application Support/Code/clp/25fe6a3290ec415596628d4afc87a88c.fr","_resolvedLanguagePackCoreLocation":"/Users/quentinbramas/Library/Application Support/Code/clp/25fe6a3290ec415596628d4afc87a88c.fr/c3511e6c69bb39013c4a4b7b9566ec1ca73fc4d5","_corruptedFile":"/Users/quentinbramas/Library/Application Support/Code/clp/25fe6a3290ec415596628d4afc87a88c.fr/corrupted.info","_languagePackSupport":true}
# environment
_ = /usr/bin/make
# makefile (from `Makefile', line 1)
MAKEFILE_LIST :=  Makefile
# environment
VSCODE_VERBOSE_LOGGING = true
# environment
__CFBundleIdentifier = com.microsoft.VSCode
# makefile (from `Makefile', line 50)
FRANCOIS = sprint-modif-zipf.isp
# environment
VSCODE_IPC_HOOK_EXTHOST = /var/folders/jr/9z9cdnjs1rn4tnf4d0grvsth0000gn/T/vscode-ipc-b54c8a91-3a05-4ee5-ac36-6e8f34a85a41.sock
# environment
VSCODE_CWD = /Users/quentinbramas/Documents/Articles/jean-romain/best2cop/best2cop/B2COP-LCAB
# environment
PATH = /Applications/CoqIDE_8.12.2.app/Contents/Resources/bin:/Users/quentinbramas/.nvm/versions/node/v15.11.0/bin:/usr/local/bin:/usr/bin:/bin:/usr/sbin:/sbin:/Library/TeX/texbin:/Library/Apple/usr/bin:/Users/quentinbramas/.cargo/bin
# environment
LSCOLORS = Gxfxcxdxbxegedabagacad
# environment
SPACESHIP_VERSION = 3.11.2
# environment
NVM_BIN = /Users/quentinbramas/.nvm/versions/node/v15.11.0/bin
# environment
LaunchInstanceID = C733F82F-EB89-425B-80CB-6305465ADBA5
# environment
VSCODE_LOG_STACK = false
# environment
ELECTRON_RUN_AS_NODE = 1
# default
.FEATURES := target-specific order-only second-expansion else-if archives jobserver check-symlink
# makefile (from `Makefile', line 48)
GBLX = glibx-connex
# environment
SSH_AUTH_SOCK = /private/tmp/com.apple.launchd.qbiXSZSNnR/Listeners
# makefile (from `Makefile', line 1)
SRCDIR = src
# automatic
%F = $(notdir $%)
# makefile (from `Makefile', line 8)
UNAME_S := Darwin
# environment
VSCODE_PIPE_LOGGING = true
# environment
PWD = /Users/quentinbramas/Documents/Articles/jean-romain/best2cop/best2cop/B2COP-LCAB
# environment
ORIGINAL_XDG_CURRENT_DESKTOP = undefined
# environment
VSCODE_AMD_ENTRYPOINT = vs/workbench/api/node/extensionHostProcess
# environment
HOME = /Users/quentinbramas
# default
MAKEFILEPATH := /Applications/Xcode.app/Contents/Developer/Makefiles
# environment
VSCODE_CLI = 1
# environment
VSCODE_CODE_CACHE_PATH = /Users/quentinbramas/Library/Application Support/Code/CachedData/c3511e6c69bb39013c4a4b7b9566ec1ca73fc4d5
# environment
LOGNAME = quentinbramas
# environment
APPLICATION_INSIGHTS_NO_DIAGNOSTIC_CHANNEL = 1
# environment
NVM_CD_FLAGS = -q
# environment
ZSH = /Users/quentinbramas/.oh-my-zsh
# environment
VSCODE_HANDLES_UNCAUGHT_ERRORS = true
# automatic
^D = $(patsubst %/,%,$(dir $^))
# makefile (from `Makefile', line 42)
neutre = \033[0;m
# environment
XPC_FLAGS = 0x0
# environment
COLORTERM = truecolor
# default
MAKE = $(MAKE_COMMAND)
# environment
LC_TERMINAL = iTerm2
# makefile (from `Makefile', line 53)
REALISTIC_SPRINT = geoSprint
# environment
SHLVL = 3
# makefile (from `Makefile', line 21)
CC = /usr/local/opt/llvm/bin/clang 
# default
MAKE_VERSION := 3.81
# environment
USER = quentinbramas
# makefile
.DEFAULT_GOAL := all
# default
MAKECMDGOALS := all
# environment
TERM_SESSION_ID = w0t3p0:F9021D85-1A5D-40C2-82C0-6E4F57A7F62F
# environment
LESS = -R
# automatic
%D = $(patsubst %/,%,$(dir $%))
# makefile (from `Makefile', line 46)
eval = "[${cyanfonce}EVAL${neutre}]"
# makefile (from `Makefile', line 43)
cyanfonce = \033[0;36m
# default
MAKE_COMMAND := /Applications/Xcode.app/Contents/Developer/usr/bin/make
# makefile (from `Makefile', line 51)
WORST_SPRINT = sprint-modif-zipf.isp
# environment
TERM_PROGRAM = iTerm.app
# default
.VARIABLES := 
# environment
TMPDIR = /var/folders/jr/9z9cdnjs1rn4tnf4d0grvsth0000gn/T/
# automatic
*F = $(notdir $*)
# environment
VSCODE_IPC_HOOK = /Users/quentinbramas/Library/Application Support/Code/1.67.2-main.sock
# makefile
MAKEFLAGS = Rrqp
# environment
MFLAGS = -Rrqp
# automatic
*D = $(patsubst %/,%,$(dir $*))
# environment
TERM_PROGRAM_VERSION = 3.4.15
# environment
NVM_DIR = /Users/quentinbramas/.nvm
# environment
XPC_SERVICE_NAME = application.com.microsoft.VSCode.59594241.59594247.5FE2F4F2-EE62-4A50-A6BF-D678D7FDF73E
# environment
LC_TERMINAL_VERSION = 3.4.15
# automatic
+D = $(patsubst %/,%,$(dir $+))
# automatic
+F = $(notdir $+)
# environment
ITERM_SESSION_ID = w0t3p0:F9021D85-1A5D-40C2-82C0-6E4F57A7F62F
# environment
COLORFGBG = 7;0
# environment
__CF_USER_TEXT_ENCODING = 0x1F5:0x0:0x1
# environment
COMMAND_MODE = unix2003
# default
MAKEFILES := 
# automatic
<F = $(notdir $<)
# environment
ITERM_PROFILE = Default
# makefile (from `Makefile', line 2)
OBJDIR = obj
# environment
PAGER = less
# environment
LC_ALL = C
# makefile (from `Makefile', line 24)
LIBS := -L/opt/homebrew/lib -lomp -lm
# environment
SECURITYSESSIONID = 186aa
 
# environment
SPACESHIP_ROOT = /Users/quentinbramas/.oh-my-zsh/custom/themes/spaceship-prompt
# automatic
^F = $(notdir $^)
# default
SUFFIXES := 
# makefile (from `Makefile', line 25)
FLAGS := -Wall -Wextra -Werror -O3 -Xpreprocessor -fopenmp -I/opt/homebrew/include -Iinclude 
# default
.INCLUDE_DIRS = /usr/local/include
# environment
MAKELEVEL := 0
# environment
LANG = C
# environment
TERM = xterm-256color
# environment
VSCODE_PID = 458
# makefile (from `Makefile', line 45)
info = "[${vertclair}INFO${neutre}]"
# makefile (from `Makefile', line 10)
OMPFLAGS := -lomp
# variable set hash-table stats:
# Load=105/1024=10%, Rehash=0, Collisions=16/185=9%

# Pattern-specific Variable Values

# No pattern-specific variable values.

# Directories

# . (device 16777224, inode 60054669): 17 files, no impossibilities.
# src (device 16777224, inode 60054717): 21 files, no impossibilities.

# 38 files, no impossibilities in 2 directories.

# Implicit Rules

%.o: %.c
#  commands to execute (from `Makefile', line 109):
	$(CC) $(FLAGS) -o $@ -c $^
	

obj/%.o: src/%.c
#  commands to execute (from `Makefile', line 112):
	$(CC) $(FLAGS) -o $@ -c $^
	

# 2 implicit rules, 0 (0.0%) terminal.

# Files

allFigures: CT_NODES CT_THREADS RND RLT NBSEG
#  Implicit rule search has not been done.
#  Modification time never checked.
#  File has not been updated.

CT_NODES: crashTest ct_nodesdirs
#  Implicit rule search has not been done.
#  Modification time never checked.
#  File has not been updated.
#  commands to execute (from `Makefile', line 143):
	@echo ${eval} "Start eval for Ct_nodes"
	@echo "NB_NODES NB_PL NB_THREADS TIME" > CT_NODES/results.txt
	@for i in 100 200 300 400 500 600 700 800 900 1000 ; do \git commit -m "fix segfault on gen random"
	./eval $$i 2 1000 12 >> CT_NODES/results.txt ; \
	done;
	@echo ${eval} "Eval for Ct_nodes completed"
	

crashTest: clean objects eval
#  Implicit rule search has not been done.
#  Modification time never checked.
#  File has not been updated.

ct_threadsclean:
#  Implicit rule search has not been done.
#  Modification time never checked.
#  File has not been updated.
#  commands to execute (from `Makefile', line 168):
	@rm -rf CT_THREADS
	@rm -rf eval
	@rm -rf eval.o
	

# Not a target:
obj/SrGraph.o:
#  Implicit rule search has not been done.
#  Modification time never checked.
#  File has not been updated.

objects:
#  Implicit rule search has not been done.
#  Implicit/static pattern stem: `'
#  File does not exist.
#  File has been updated.
#  Needs to be updated (-q is set).
# automatic
# @ := objects
# automatic
# % := 
# automatic
# * := 
# automatic
# + := 
# automatic
# | := 
# automatic
# < := 
# automatic
# ^ := 
# automatic
# ? := 
# variable set hash-table stats:
# Load=8/32=25%, Rehash=0, Collisions=1/10=10%
#  commands to execute (from `Makefile', line 116):
	@mkdir -p obj
	

all: objects best2cop
#  Command-line target.
#  Implicit rule search has been done.
#  File does not exist.
#  File has been updated.
#  Needs to be updated (-q is set).
# variable set hash-table stats:
# Load=0/32=0%, Rehash=0, Collisions=0/2=0%

NBSEG: nbsegdirs best2cop
#  Implicit rule search has not been done.
#  Modification time never checked.
#  File has not been updated.
#  commands to execute (from `Makefile', line 218):
	@echo ${eval} "Start eval for NBSEG"
	@for i in 5 10 50 100 ; do \
	echo -e ${eval} "Start eval for $$i"; \
	./best2cop --file sr_topo21.isp --sr --id --cstr1 $$(($$i * 10)) --accu 0 --all-nodes --DCLC --output NBSEG/res_rand_dclc$$i.txt; \
	./best2cop --file ${REALISTIC_SPRINT} --topo --labels --cstr1 $$i --all-nodes --DCLC --output NBSEG/res_sprint_dclc$$i.txt; \
	done;
	@echo ${eval} "Eval for NBSEG completed"
	

CT_THREADS: crashTest ct_threadsdirs
#  Implicit rule search has not been done.
#  Modification time never checked.
#  File has not been updated.
#  commands to execute (from `Makefile', line 160):
	@echo ${eval} "Start eval for Ct_threads"
	@echo "NB_NODES NB_PL NB_THREADS TIME" > CT_THREADS/results.txt
	@for i in 1 2 3 4 5 6 7 8 9 10 11 12 13 14 15 16 ; do \
	./eval 1000 2 1000 $$i >> CT_THREADS/results.txt ; \
	done;
	@echo ${eval} "Eval for Ct_threads completed"
	

# Not a target:
BinHeap.o:
#  Implicit rule search has not been done.
#  Modification time never checked.
#  File has not been updated.

# Not a target:
obj/Llist.o:
#  Implicit rule search has not been done.
#  Modification time never checked.
#  File has not been updated.

rndclean:
#  Implicit rule search has not been done.
#  Modification time never checked.
#  File has not been updated.
#  commands to execute (from `Makefile', line 194):
	@rm -rf RND
	@rm -rf randomTopo
	@rm -rf randomTopo.o
	

# Not a target:
obj/ParetoFront.o:
#  Implicit rule search has not been done.
#  Modification time never checked.
#  File has not been updated.

# Not a target:
obj/ScopeStack.o:
#  Implicit rule search has not been done.
#  Modification time never checked.
#  File has not been updated.

unitBinHeap: obj/Best2cop.o obj/BinHeap.o obj/Dict.o obj/Edge.o obj/Extendable.o obj/IntList.o obj/LabelTable.o obj/Latrix.o obj/Llist.o obj/Option.o obj/ParetoFront.o obj/Pfront.o obj/ScopeStack.o obj/SrGraph.o obj/Topology.o obj/Zipf.o obj/my_printf.o BinHeap.o
#  Implicit rule search has not been done.
#  Modification time never checked.
#  File has not been updated.
#  commands to execute (from `Makefile', line 83):
	$(CC) $(FLAGS) -o $@ $^ $(LIBS)
	@echo ${info} "Test unit bin heap succesfully compiled"
	

# Not a target:
.SUFFIXES:
#  Implicit rule search has not been done.
#  Modification time never checked.
#  File has not been updated.

RLT: best2cop rltdirs
#  Implicit rule search has not been done.
#  Modification time never checked.
#  File has not been updated.
#  commands to execute (from `Makefile', line 202):
	@echo ${eval} "Start eval for RLT"
	@./best2cop --file topos/${WORST_SPRINT} --topo --labels --all-nodes --output RLT/worst_sprint_res.txt --threads 12
	#@./best2cop --file topos/${FRANCOIS} --topo --labels --all-nodes --output --threads 12 RLT/topo_francois_res.txt
 
	@./best2cop --file topos/${GBLX} --topo --labels --all-nodes --output RLT/gblx_res.txt --threads 12
	@echo ${eval} "Eval for RLT completed"
	

rltclean:
#  Implicit rule search has not been done.
#  Modification time never checked.
#  File has not been updated.
#  commands to execute (from `Makefile', line 209):
	@rm -rf RLT
	@rm -rf best2cop
	@rm -rf main.o
	

# Not a target:
Makefile:
#  Implicit rule search has been done.
#  Last modified 2022-06-14 09:01:01
#  File has been updated.
#  Successfully updated.
# variable set hash-table stats:
# Load=0/32=0%, Rehash=0, Collisions=0/0=0%

rnddirsGen:
#  Implicit rule search has not been done.
#  Modification time never checked.
#  File has not been updated.
#  commands to execute (from `Makefile', line 180):
	@for i in 100 500 1000 ; do \
	for j in $$(seq 1 10) ; do \
	mkdir -p RND/resultsSpread$$i/topo$$(($$j * 100)) ; \
	done; \
	done;
	

RND: rnddirs randomTopo
#  Implicit rule search has not been done.
#  Modification time never checked.
#  File has not been updated.
#  commands to execute (from `Makefile', line 187):
	@echo ${eval} "Start eval for RND"
	@./randomTopo 100
	@./randomTopo 500
	@./randomTopo 1000
	@echo ${eval} "Eval for RND completed"
	

# Not a target:
obj/Best2cop.o:
#  Implicit rule search has not been done.
#  Modification time never checked.
#  File has not been updated.

# Not a target:
obj/Option.o:
#  Implicit rule search has not been done.
#  Modification time never checked.
#  File has not been updated.

# Not a target:
worstSprint.o:
#  Implicit rule search has not been done.
#  Modification time never checked.
#  File has not been updated.

worstSprint: obj/Best2cop.o obj/BinHeap.o obj/Dict.o obj/Edge.o obj/Extendable.o obj/IntList.o obj/LabelTable.o obj/Latrix.o obj/Llist.o obj/Option.o obj/ParetoFront.o obj/Pfront.o obj/ScopeStack.o obj/SrGraph.o obj/Topology.o obj/Zipf.o obj/my_printf.o worstSprint.o
#  Implicit rule search has not been done.
#  Modification time never checked.
#  File has not been updated.
#  commands to execute (from `Makefile', line 71):
	$(CC) $(FLAGS) -o $@ $^ $(LIBS)	
	@echo ${info} "Worst sprint succesfully compiled"
	

ct_nodesdirs:
#  Implicit rule search has not been done.
#  Modification time never checked.
#  File has not been updated.
#  commands to execute (from `Makefile', line 140):
	@mkdir -p CT_NODES
	

# Not a target:
obj/Extendable.o:
#  Implicit rule search has not been done.
#  Modification time never checked.
#  File has not been updated.

nbsegdirs:
#  Implicit rule search has not been done.
#  Modification time never checked.
#  File has not been updated.
#  commands to execute (from `Makefile', line 215):
	@mkdir -p NBSEG
	

FOR_FRANCOIS: best2cop nbsegdirs scriptCstr rltdirs
#  Implicit rule search has not been done.
#  Modification time never checked.
#  File has not been updated.
#  commands to execute (from `Makefile', line 227):
	@echo ${eval} "Start eval for FRANCOIS"
	@./best2cop --file topos/${FRANCOIS} --topo --labels --all-nodes --output RLT/topo_francois_res.txt --threads 12
	@./scriptCstr topos/${FRANCOIS} NBSEG/topo_francois_res.txt
	@echo ${eval} "Eval for FRANCOIS completed"
	

# Not a target:
genTopoNonAlign.o:
#  Implicit rule search has not been done.
#  Modification time never checked.
#  File has not been updated.

# Not a target:
obj/IntList.o:
#  Implicit rule search has not been done.
#  Modification time never checked.
#  File has not been updated.

testCart: obj/Best2cop.o obj/BinHeap.o obj/Dict.o obj/Edge.o obj/Extendable.o obj/IntList.o obj/LabelTable.o obj/Latrix.o obj/Llist.o obj/Option.o obj/ParetoFront.o obj/Pfront.o obj/ScopeStack.o obj/SrGraph.o obj/Topology.o obj/Zipf.o obj/my_printf.o test_prod_cart.o
#  Implicit rule search has not been done.
#  Modification time never checked.
#  File has not been updated.
#  commands to execute (from `Makefile', line 63):
	$(CC) $(FLAGS) -o $@ $^ $(LIBS)
	@echo ${info} "testCart succesfully compiled"
	

# Not a target:
obj/my_printf.o:
#  Implicit rule search has not been done.
#  Modification time never checked.
#  File has not been updated.

worstRandom: obj/Best2cop.o obj/BinHeap.o obj/Dict.o obj/Edge.o obj/Extendable.o obj/IntList.o obj/LabelTable.o obj/Latrix.o obj/Llist.o obj/Option.o obj/ParetoFront.o obj/Pfront.o obj/ScopeStack.o obj/SrGraph.o obj/Topology.o obj/Zipf.o obj/my_printf.o worstRandom.o
#  Implicit rule search has not been done.
#  Modification time never checked.
#  File has not been updated.
#  commands to execute (from `Makefile', line 87):
	$(CC) $(FLAGS) -o $@ $^ $(LIBS)
	@echo ${info} "Worst random succesfully compiled"
	

# Not a target:
worstRandom.o:
#  Implicit rule search has not been done.
#  Modification time never checked.
#  File has not been updated.

# Not a target:
.DEFAULT:
#  Implicit rule search has not been done.
#  Modification time never checked.
#  File has not been updated.

# Not a target:
test_prod_cart.o:
#  Implicit rule search has not been done.
#  Modification time never checked.
#  File has not been updated.

# Not a target:
unitFlex.o:
#  Implicit rule search has not been done.
#  Modification time never checked.
#  File has not been updated.

unitFlex: obj/Best2cop.o obj/BinHeap.o obj/Dict.o obj/Edge.o obj/Extendable.o obj/IntList.o obj/LabelTable.o obj/Latrix.o obj/Llist.o obj/Option.o obj/ParetoFront.o obj/Pfront.o obj/ScopeStack.o obj/SrGraph.o obj/Topology.o obj/Zipf.o obj/my_printf.o unitFlex.o
#  Implicit rule search has not been done.
#  Modification time never checked.
#  File has not been updated.
#  commands to execute (from `Makefile', line 79):
	$(CC) $(FLAGS) -o $@ $^ $(LIBS)
	@echo ${info} "Test unit flex succesfully compiled"
	

genRandom: obj/Best2cop.o obj/BinHeap.o obj/Dict.o obj/Edge.o obj/Extendable.o obj/IntList.o obj/LabelTable.o obj/Latrix.o obj/Llist.o obj/Option.o obj/ParetoFront.o obj/Pfront.o obj/ScopeStack.o obj/SrGraph.o obj/Topology.o obj/Zipf.o obj/my_printf.o genTopoNonAlign.o
#  Implicit rule search has not been done.
#  Modification time never checked.
#  File has not been updated.
#  commands to execute (from `Makefile', line 75):
	$(CC) $(FLAGS) -o $@ $^ $(LIBS)
	@echo ${info} "Worst sprint succesfully compiled"
	

# Not a target:
obj/Dict.o:
#  Implicit rule search has not been done.
#  Modification time never checked.
#  File has not been updated.

# Not a target:
obj/Zipf.o:
#  Implicit rule search has not been done.
#  Modification time never checked.
#  File has not been updated.

eval: obj/Best2cop.o obj/BinHeap.o obj/Dict.o obj/Edge.o obj/Extendable.o obj/IntList.o obj/LabelTable.o obj/Latrix.o obj/Llist.o obj/Option.o obj/ParetoFront.o obj/Pfront.o obj/ScopeStack.o obj/SrGraph.o obj/Topology.o obj/Zipf.o obj/my_printf.o eval.o
#  Implicit rule search has not been done.
 
#  Modification time never checked.
#  File has not been updated.
#  commands to execute (from `Makefile', line 101):
	$(CC) $(FLAGS) -o $@ $^ $(LIBS)
	@echo ${info} "Crash test succesfully compiled"
	

# Not a target:
eval.o:
#  Implicit rule search has not been done.
#  Modification time never checked.
#  File has not been updated.

clean:
#  Implicit rule search has not been done.
#  Modification time never checked.
#  File has not been updated.
#  commands to execute (from `Makefile', line 119):
	@rm -rf obj/*.o
	@rm -rf best2cop
	@rm -rf main.o
	@rm -rf eval
	@rm -rf eval.o
	@rm -rf gmon.out
	@rm -rf profiler.txt
	@rm -rf unitFlex
	@rm -rf unitFlex.o
	@rm -rf unitBinHeap
	@rm -rf scriptCstr
	@rm -rf worstRandom.o
	@rm -rf worstRandom
	@rm -rf worstSprint.o
	@rm -rf worstSprint
	@rm -rf test_prod_cart.o
	@rm -rf testCart
	@echo ${info} "Main program clean succesfully done"
	

randomSpread: obj/Best2cop.o obj/BinHeap.o obj/Dict.o obj/Edge.o obj/Extendable.o obj/IntList.o obj/LabelTable.o obj/Latrix.o obj/Llist.o obj/Option.o obj/ParetoFront.o obj/Pfront.o obj/ScopeStack.o obj/SrGraph.o obj/Topology.o obj/Zipf.o obj/my_printf.o randomSpread.o
#  Implicit rule search has not been done.
#  Modification time never checked.
#  File has not been updated.
#  commands to execute (from `Makefile', line 95):
	$(CC) $(FLAGS) -o $@ $^ $(LIBS)
	@echo ${info} "randomSpread succesfully compiled"
	

rnddirs:
#  Implicit rule search has not been done.
#  Modification time never checked.
#  File has not been updated.
#  commands to execute (from `Makefile', line 173):
	@for i in 100 500 1000 ; do \
	for j in $$(seq 1 10) ; do \
	mkdir -p RND/resultsSpread$$i/resultsTime$$(($$j * 100)) ; \
	done; \
	done;
	

# Not a target:
randomSpread.o:
#  Implicit rule search has not been done.
#  Modification time never checked.
#  File has not been updated.

ct_threadsdirs:
#  Implicit rule search has not been done.
#  Modification time never checked.
#  File has not been updated.
#  commands to execute (from `Makefile', line 157):
	@mkdir -p CT_THREADS
	

# Not a target:
obj/Pfront.o:
#  Implicit rule search has not been done.
#  Modification time never checked.
#  File has not been updated.

best2cop: obj/Best2cop.o obj/BinHeap.o obj/Dict.o obj/Edge.o obj/Extendable.o obj/IntList.o obj/LabelTable.o obj/Latrix.o obj/Llist.o obj/Option.o obj/ParetoFront.o obj/Pfront.o obj/ScopeStack.o obj/SrGraph.o obj/Topology.o obj/Zipf.o obj/my_printf.o main.o
#  Implicit rule search has not been done.
#  Modification time never checked.
#  File has not been updated.
#  commands to execute (from `Makefile', line 105):
	$(CC) $(FLAGS) -o $@ $^ $(LIBS)
	@echo ${info} "Best2cop succesfully compiled"
	

cleanFigures: ct_nodesclean ct_threadsclean rndclean rltclean nbsegclean
#  Implicit rule search has not been done.
#  Modification time never checked.
#  File has not been updated.

# Not a target:
obj/LabelTable.o:
#  Implicit rule search has not been done.
#  Modification time never checked.
#  File has not been updated.

# Not a target:
obj/Topology.o:
#  Implicit rule search has not been done.
#  Modification time never checked.
#  File has not been updated.

# Not a target:
obj/BinHeap.o:
#  Implicit rule search has not been done.
#  Modification time never checked.
#  File has not been updated.

ct_nodesclean:
#  Implicit rule search has not been done.
#  Modification time never checked.
#  File has not been updated.
#  commands to execute (from `Makefile', line 151):
	@rm -rf CT_NODES
	@rm -rf eval
	@rm -rf eval.o
	

# Not a target:
obj/Edge.o:
#  Implicit rule search has not been done.
#  Modification time never checked.
#  File has not been updated.

# Not a target:
main.o:
#  Implicit rule search has not been done.
#  Modification time never checked.
#  File has not been updated.

randomTopo: obj/Best2cop.o obj/BinHeap.o obj/Dict.o obj/Edge.o obj/Extendable.o obj/IntList.o obj/LabelTable.o obj/Latrix.o obj/Llist.o obj/Option.o obj/ParetoFront.o obj/Pfront.o obj/ScopeStack.o obj/SrGraph.o obj/Topology.o obj/Zipf.o obj/my_printf.o randomTopo.o
#  Implicit rule search has not been done.
#  Modification time never checked.
#  File has not been updated.
#  commands to execute (from `Makefile', line 91):
	$(CC) $(FLAGS) -o $@ $^ $(LIBS)
	@echo ${info} "randomTopo succesfully compiled"
	

nbsegclean:
#  Implicit rule search has not been done.
#  Modification time never checked.
#  File has not been updated.
#  commands to execute (from `Makefile', line 233):
	@rm -rf NBSEG
	@rm -rf main.o
	@rm -rf best2cop
	

# Not a target:
obj/Latrix.o:
#  Implicit rule search has not been done.
#  Modification time never checked.
#  File has not been updated.

rltdirs:
#  Implicit rule search has not been done.
#  Modification time never checked.
#  File has not been updated.
#  commands to execute (from `Makefile', line 199):
	@mkdir -p RLT
	

# Not a target:
scriptCstr.o:
#  Implicit rule search has not been done.
#  Modification time never checked.
#  File has not been updated.

scriptCstr: obj/Best2cop.o obj/BinHeap.o obj/Dict.o obj/Edge.o obj/Extendable.o obj/IntList.o obj/LabelTable.o obj/Latrix.o obj/Llist.o obj/Option.o obj/ParetoFront.o obj/Pfront.o obj/ScopeStack.o obj/SrGraph.o obj/Topology.o obj/Zipf.o obj/my_printf.o scriptCstr.o
#  Implicit rule search has not been done.
#  Modification time never checked.
#  File has not been updated.
#  commands to execute (from `Makefile', line 67):
	$(CC) $(FLAGS) -o $@ $^ $(LIBS)
	@echo ${info} "Constraint script succesfully compiled"
	

# Not a target:
randomTopo.o:
#  Implicit rule search has not been done.
#  Modification time never checked.
#  File has not been updated.

# files hash-table stats:
# Load=65/1024=6%, Rehash=0, Collisions=16/306=5%
# VPATH Search Paths

# No `vpath' search paths.

# No general (`VPATH' variable) search path.

# # of strings in strcache: 1
# # of strcache buffers: 1
# strcache size: total = 4096 / max = 4096 / min = 4096 / avg = 4096
# strcache free: total = 4087 / max = 4087 / min = 4087 / avg = 4087

# Finished Make data base on Tue Jun 14 09:40:56 2022

 
